2017-07-16 17:25:26.800: 
[client(14442)]CRS-2101:The OLR was formatted using version 3.
2017-07-16 17:26:07.491: 
[ohasd(15719)]CRS-2112:The OLR service started on node regracdb1.
2017-07-16 17:26:07.495: 
[ohasd(15719)]CRS-1301:Oracle High Availability Service started on node regracdb1.
[client(15963)]CRS-10001:16-Jul-17 17:26 ACFS-9459: ADVM/ACFS is not supported on this OS version: 'unknown'
[client(15965)]CRS-10001:16-Jul-17 17:26 ACFS-9201: Not Supported
[client(16139)]CRS-10001:16-Jul-17 17:26 ACFS-9459: ADVM/ACFS is not supported on this OS version: 'unknown'
2017-07-16 17:26:22.292: 
[gpnpd(16330)]CRS-2328:GPNPD started on node regracdb1. 
2017-07-16 17:26:24.482: 
[cssd(16389)]CRS-1713:CSSD daemon is started in exclusive mode
2017-07-16 17:26:26.366: 
[ohasd(15719)]CRS-2767:Resource state recovery not attempted for 'ora.diskmon' as its target state is OFFLINE
2017-07-16 17:26:26.367: 
[ohasd(15719)]CRS-2769:Unable to failover resource 'ora.diskmon'.
2017-07-16 17:26:30.984: 
[cssd(16389)]CRS-1709:Lease acquisition failed for node regracdb1 because no voting file has been configured; Details at (:CSSNM00031:) in /app/11.2.0/grid/log/regracdb1/cssd/ocssd.log
2017-07-16 17:26:39.716: 
[cssd(16389)]CRS-1601:CSSD Reconfiguration complete. Active nodes are regracdb1 .
2017-07-16 17:26:41.915: 
[ctssd(16440)]CRS-2403:The Cluster Time Synchronization Service on host regracdb1 is in observer mode.
2017-07-16 17:26:42.148: 
[ctssd(16440)]CRS-2407:The new Cluster Time Synchronization Service reference node is host regracdb1.
2017-07-16 17:26:42.149: 
[ctssd(16440)]CRS-2401:The Cluster Time Synchronization Service started on host regracdb1.
[client(16520)]CRS-10001:16-Jul-17 17:26 ACFS-9204: false
2017-07-16 17:27:03.649: 
[client(16745)]CRS-1001:The OCR was formatted using version 3.
2017-07-16 17:27:04.425: 
[crsd(16795)]CRS-1012:The OCR service started on node regracdb1.
2017-07-16 17:27:05.412: 
[cssd(16389)]CRS-1605:CSSD voting file is online: /dev/mapper/ocr1; details in /app/11.2.0/grid/log/regracdb1/cssd/ocssd.log.
2017-07-16 17:27:05.412: 
[cssd(16389)]CRS-1605:CSSD voting file is online: /dev/mapper/ocr2; details in /app/11.2.0/grid/log/regracdb1/cssd/ocssd.log.
2017-07-16 17:27:05.412: 
[cssd(16389)]CRS-1605:CSSD voting file is online: /dev/mapper/ocr3; details in /app/11.2.0/grid/log/regracdb1/cssd/ocssd.log.
2017-07-16 17:27:05.412: 
[cssd(16389)]CRS-1626:A Configuration change request completed successfully
2017-07-16 17:27:05.414: 
[cssd(16389)]CRS-1601:CSSD Reconfiguration complete. Active nodes are regracdb1 .
2017-07-16 17:27:19.357: 
[ctssd(16440)]CRS-2405:The Cluster Time Synchronization Service on host regracdb1 is shutdown by user
2017-07-16 17:27:37.289: 
[cssd(16389)]CRS-1603:CSSD on node regracdb1 shutdown by user.
2017-07-16 17:27:37.389: 
[cssd(16389)]CRS-1625:Node regracdb1, number 1, was manually shut down
2017-07-16 17:27:37.490: 
[cssd(16389)]CRS-1660:The CSS daemon shutdown has completed
2017-07-16 17:27:37.745: 
[ohasd(15719)]CRS-2767:Resource state recovery not attempted for 'ora.cssdmonitor' as its target state is OFFLINE
2017-07-16 17:27:37.745: 
[ohasd(15719)]CRS-2769:Unable to failover resource 'ora.cssdmonitor'.
2017-07-16 17:27:40.055: 
[gpnpd(16330)]CRS-2329:GPNPD on node regracdb1 shutdown. 
2017-07-16 17:27:42.527: 
[mdnsd(16320)]CRS-5602:mDNS service stopping by request.
2017-07-16 17:27:43.554: 
[ohasd(15719)]CRS-2767:Resource state recovery not attempted for 'ora.cssd' as its target state is OFFLINE
2017-07-16 17:27:43.554: 
[ohasd(15719)]CRS-2769:Unable to failover resource 'ora.cssd'.
2017-07-16 17:27:49.435: 
[gpnpd(17428)]CRS-2328:GPNPD started on node regracdb1. 
2017-07-16 17:27:51.988: 
[cssd(17493)]CRS-1713:CSSD daemon is started in clustered mode
2017-07-16 17:27:53.865: 
[ohasd(15719)]CRS-2767:Resource state recovery not attempted for 'ora.diskmon' as its target state is OFFLINE
2017-07-16 17:27:53.865: 
[ohasd(15719)]CRS-2769:Unable to failover resource 'ora.diskmon'.
2017-07-16 17:29:14.607: 
[cssd(17493)]CRS-1707:Lease acquisition for node regracdb1 number 1 completed
2017-07-16 17:29:15.856: 
[cssd(17493)]CRS-1605:CSSD voting file is online: /dev/mapper/ocr2; details in /app/11.2.0/grid/log/regracdb1/cssd/ocssd.log.
2017-07-16 17:29:15.862: 
[cssd(17493)]CRS-1605:CSSD voting file is online: /dev/mapper/ocr1; details in /app/11.2.0/grid/log/regracdb1/cssd/ocssd.log.
2017-07-16 17:29:15.868: 
[cssd(17493)]CRS-1605:CSSD voting file is online: /dev/mapper/ocr3; details in /app/11.2.0/grid/log/regracdb1/cssd/ocssd.log.
2017-07-16 17:29:24.984: 
[cssd(17493)]CRS-1601:CSSD Reconfiguration complete. Active nodes are regracdb1 .
2017-07-16 17:29:27.181: 
[ctssd(19103)]CRS-2403:The Cluster Time Synchronization Service on host regracdb1 is in observer mode.
2017-07-16 17:29:27.415: 
[ctssd(19103)]CRS-2407:The new Cluster Time Synchronization Service reference node is host regracdb1.
2017-07-16 17:29:27.415: 
[ctssd(19103)]CRS-2401:The Cluster Time Synchronization Service started on host regracdb1.
2017-07-16 17:29:48.925: 
[crsd(19264)]CRS-1012:The OCR service started on node regracdb1.
2017-07-16 17:29:49.534: 
[evmd(19280)]CRS-1401:EVMD started on node regracdb1.
2017-07-16 17:29:50.414: 
[crsd(19264)]CRS-1201:CRSD started on node regracdb1.
2017-07-16 17:29:50.499: 
[crsd(19264)]CRS-2772:Server 'regracdb1' has been assigned to pool 'Free'.
[client(19797)]CRS-10001:16-Jul-17 17:30 ACFS-9459: ADVM/ACFS is not supported on this OS version: 'unknown'
[client(19799)]CRS-10001:16-Jul-17 17:30 ACFS-9201: Not Supported
2017-07-16 17:30:27.249: 
[client(20034)]CRS-4742:OCR updated with contents of /app/11.2.0/grid/oc4j/j2ee/home/OC4J_DBWLM_config/system-jazn-data.xml (New = 13378, Old = 0 bytes)
2017-07-16 17:30:27.313: 
[client(20042)]CRS-4743:File /app/11.2.0/grid/oc4j/j2ee/home/OC4J_DBWLM_config/system-jazn-data.xml was updated from OCR(Size: 13377(New), 13378(Old) bytes)
2017-07-16 17:30:27.345: 
[client(20046)]CRS-4743:File /app/11.2.0/grid/oc4j/j2ee/home/OC4J_DBWLM_config/system-jazn-data.xml was updated from OCR(Size: 13377(New), 13378(Old) bytes)
2017-07-16 17:30:27.385: 
[client(20050)]CRS-4742:OCR updated with contents of /app/11.2.0/grid/oc4j/j2ee/home/OC4J_DBWLM_config/system-jazn-data.xml (New = 13378, Old = 13378 bytes)
2017-07-16 17:30:38.360: 
[client(20490)]CRS-4743:File /app/11.2.0/grid/oc4j/j2ee/home/OC4J_DBWLM_config/system-jazn-data.xml was updated from OCR(Size: 13377(New), 13378(Old) bytes)
[client(20656)]CRS-10001:16-Jul-17 17:30 ACFS-9459: ADVM/ACFS is not supported on this OS version: 'unknown'
[client(20658)]CRS-10001:16-Jul-17 17:30 ACFS-9201: Not Supported
2017-07-16 17:36:25.475: 
[cssd(17493)]CRS-1601:CSSD Reconfiguration complete. Active nodes are regracdb1 regracdb2 .
2017-07-16 17:36:56.971: 
[crsd(19264)]CRS-2772:Server 'regracdb2' has been assigned to pool 'Free'.
[client(21648)]CRS-10001:16-Jul-17 17:39 ACFS-9204: false
[client(22056)]CRS-10001:16-Jul-17 17:40 ACFS-9459: ADVM/ACFS is not supported on this OS version: 'unknown'
[client(22058)]CRS-10001:16-Jul-17 17:40 ACFS-9201: Not Supported
2017-07-16 19:26:03.945: 
[/app/11.2.0/grid/bin/orarootagent.bin(20172)]CRS-5822:Agent '/app/11.2.0/grid/bin/orarootagent_root' disconnected from server. Details at (:CRSAGF00117:) {0:3:5} in /app/11.2.0/grid/log/regracdb1/agent/crsd/orarootagent_root/orarootagent_root.log.
2017-07-16 19:26:04.861: 
[ctssd(19103)]CRS-2405:The Cluster Time Synchronization Service on host regracdb1 is shutdown by user
2017-07-16 19:26:04.864: 
[mdnsd(17415)]CRS-5602:mDNS service stopping by request.
2017-07-16 19:26:16.199: 
[cssd(17493)]CRS-1603:CSSD on node regracdb1 shutdown by user.
2017-07-16 19:26:16.302: 
[ohasd(15719)]CRS-2767:Resource state recovery not attempted for 'ora.cssdmonitor' as its target state is OFFLINE
2017-07-16 19:26:16.302: 
[ohasd(15719)]CRS-2769:Unable to failover resource 'ora.cssdmonitor'.
2017-07-16 19:26:16.400: 
[cssd(17493)]CRS-1660:The CSS daemon shutdown has completed
2017-07-16 19:26:17.558: 
[ohasd(15719)]CRS-2769:Unable to failover resource 'ora.cssd'.
2017-07-16 19:26:18.542: 
[gpnpd(17428)]CRS-2329:GPNPD on node regracdb1 shutdown. 
[client(13812)]CRS-10001:16-Jul-17 19:31 ACFS-9459: ADVM/ACFS is not supported on this OS version: 'unknown'
[client(13814)]CRS-10001:16-Jul-17 19:31 ACFS-9201: Not Supported
2017-07-16 19:31:11.231: 
[ohasd(13820)]CRS-2112:The OLR service started on node regracdb1.
2017-07-16 19:31:11.236: 
[ohasd(13820)]CRS-1301:Oracle High Availability Service started on node regracdb1.
2017-07-16 19:31:11.236: 
[ohasd(13820)]CRS-8017:location: /etc/oracle/lastgasp has 2 reboot advisory log files, 0 were announced and 0 errors occurred
2017-07-16 19:31:14.415: 
[/app/11.2.0/grid/bin/orarootagent.bin(13929)]CRS-2302:Cannot get GPnP profile. Error CLSGPNP_NO_DAEMON (GPNPD daemon is not running). 
2017-07-16 19:31:18.749: 
[gpnpd(14129)]CRS-2328:GPNPD started on node regracdb1. 
2017-07-16 19:31:21.066: 
[cssd(14209)]CRS-1713:CSSD daemon is started in clustered mode
2017-07-16 19:31:22.924: 
[ohasd(13820)]CRS-2767:Resource state recovery not attempted for 'ora.diskmon' as its target state is OFFLINE
2017-07-16 19:31:40.625: 
[cssd(14209)]CRS-1707:Lease acquisition for node regracdb1 number 1 completed
2017-07-16 19:31:41.904: 
[cssd(14209)]CRS-1605:CSSD voting file is online: /dev/mapper/ocr2; details in /app/11.2.0/grid/log/regracdb1/cssd/ocssd.log.
2017-07-16 19:31:41.908: 
[cssd(14209)]CRS-1605:CSSD voting file is online: /dev/mapper/ocr1; details in /app/11.2.0/grid/log/regracdb1/cssd/ocssd.log.
2017-07-16 19:31:41.914: 
[cssd(14209)]CRS-1605:CSSD voting file is online: /dev/mapper/ocr3; details in /app/11.2.0/grid/log/regracdb1/cssd/ocssd.log.
2017-07-16 19:31:46.430: 
[cssd(14209)]CRS-1601:CSSD Reconfiguration complete. Active nodes are regracdb1 regracdb2 .
2017-07-16 19:31:48.071: 
[ctssd(14376)]CRS-2403:The Cluster Time Synchronization Service on host regracdb1 is in observer mode.
2017-07-16 19:31:48.303: 
[ctssd(14376)]CRS-2407:The new Cluster Time Synchronization Service reference node is host regracdb2.
2017-07-16 19:31:48.304: 
[ctssd(14376)]CRS-2401:The Cluster Time Synchronization Service started on host regracdb1.
2017-07-16 19:31:50.067: 
[ohasd(13820)]CRS-2767:Resource state recovery not attempted for 'ora.diskmon' as its target state is OFFLINE
2017-07-16 19:32:03.324: 
[ctssd(14376)]CRS-2409:The clock on host regracdb1 is not synchronous with the mean cluster time. No action has been taken as the Cluster Time Synchronization Service is running in observer mode.
2017-07-16 19:32:08.846: 
[crsd(14620)]CRS-1012:The OCR service started on node regracdb1.
2017-07-16 19:32:08.852: 
[evmd(14498)]CRS-1401:EVMD started on node regracdb1.
2017-07-16 19:32:10.745: 
[crsd(14620)]CRS-1201:CRSD started on node regracdb1.
2017-07-16 19:34:57.958: 
[client(16142)]CRS-4743:File /app/11.2.0/grid/oc4j/j2ee/home/OC4J_DBWLM_config/system-jazn-data.xml was updated from OCR(Size: 15925(New), 13378(Old) bytes)
2017-07-16 19:35:23.403: 
[ctssd(14376)]CRS-2407:The new Cluster Time Synchronization Service reference node is host regracdb1.
2017-07-16 19:35:26.280: 
[cssd(14209)]CRS-1625:Node regracdb2, number 2, was shut down
2017-07-16 19:35:26.284: 
[cssd(14209)]CRS-1601:CSSD Reconfiguration complete. Active nodes are regracdb1 .
2017-07-16 19:35:26.284: 
[crsd(14620)]CRS-5504:Node down event reported for node 'regracdb2'.
2017-07-16 19:35:26.285: 
[crsd(14620)]CRS-2773:Server 'regracdb2' has been removed from pool 'Free'.
2017-07-16 19:40:49.176: 
[cssd(14209)]CRS-1601:CSSD Reconfiguration complete. Active nodes are regracdb1 regracdb2 .
2017-07-16 19:41:14.302: 
[crsd(14620)]CRS-2772:Server 'regracdb2' has been assigned to pool 'Free'.
[client(13789)]CRS-10001:16-Jul-17 20:28 ACFS-9204: false
2017-07-16 20:41:00.552: 
[crsd(14620)]CRS-2773:Server 'regracdb2' has been removed from pool 'Free'.
2017-07-16 20:41:00.552: 
[crsd(14620)]CRS-2772:Server 'regracdb2' has been assigned to pool 'Generic'.
2017-07-16 20:41:00.553: 
[crsd(14620)]CRS-2773:Server 'regracdb1' has been removed from pool 'Free'.
2017-07-16 20:41:00.553: 
[crsd(14620)]CRS-2772:Server 'regracdb1' has been assigned to pool 'Generic'.
2017-07-16 20:41:00.553: 
[crsd(14620)]CRS-2772:Server 'regracdb1' has been assigned to pool 'ora.sgeregdb'.
2017-07-16 20:41:00.553: 
[crsd(14620)]CRS-2772:Server 'regracdb2' has been assigned to pool 'ora.sgeregdb'.
2017-07-17 01:35:20.046: 
[client(32507)]CRS-10051:CVU found following errors with Clusterware setup : PRVF-7573 : Sufficient swap size is not available on node "regracdb1" [Required = 16GB (1.6777216E7KB) ; Found = 16GB (1.6777212E7KB)]
PRVF-7532 : Package "pdksh" is missing on node "regracdb1"
PRVF-5410 : Check of common NTP Time Server failed
PRVF-5416 : Query of NTP daemon failed on all nodes
PRVG-1101 : SCAN name "regracdb-scan" failed to resolve
PRVF-4657 : Name resolution setup check for "regracdb-scan" (IP address: 20.1.125.58) failed
PRVF-4664 : Found inconsistent name resolution entries for SCAN name "regracdb-scan"

2017-07-18 11:19:43.583: 
[crsd(14620)]CRS-2772:Server 'regracdb1' has been assigned to pool 'ora.sgeregdb_sgereg'.
2017-07-18 11:19:43.583: 
[crsd(14620)]CRS-2772:Server 'regracdb2' has been assigned to pool 'ora.sgeregdb_sgereg'.
2017-07-18 11:19:43.662: 
[crsd(14620)]CRS-2773:Server 'regracdb1' has been removed from pool 'ora.sgeregdb_sgereg'.
2017-07-18 11:19:43.662: 
[crsd(14620)]CRS-2773:Server 'regracdb2' has been removed from pool 'ora.sgeregdb_sgereg'.
2017-07-18 11:20:56.677: 
[crsd(14620)]CRS-2772:Server 'regracdb1' has been assigned to pool 'ora.sgeregdb_sgereg'.
2017-07-18 11:20:56.677: 
[crsd(14620)]CRS-2772:Server 'regracdb2' has been assigned to pool 'ora.sgeregdb_sgereg'.
2017-08-03 14:42:08.620: 
[cssd(14209)]CRS-1612:Network communication with node regracdb2 (2) missing for 50% of timeout interval.  Removal of this node from cluster in 14.220 seconds
2017-08-03 14:42:15.621: 
[cssd(14209)]CRS-1611:Network communication with node regracdb2 (2) missing for 75% of timeout interval.  Removal of this node from cluster in 7.220 seconds
2017-08-03 14:42:20.622: 
[cssd(14209)]CRS-1610:Network communication with node regracdb2 (2) missing for 90% of timeout interval.  Removal of this node from cluster in 2.220 seconds
2017-08-03 14:42:22.844: 
[cssd(14209)]CRS-1607:Node regracdb2 is being evicted in cluster incarnation 395692169; details at (:CSSNM00007:) in /app/11.2.0/grid/log/regracdb1/cssd/ocssd.log.
2017-08-03 14:42:24.846: 
[cssd(14209)]CRS-1625:Node regracdb2, number 2, was shut down
2017-08-03 14:42:24.850: 
[cssd(14209)]CRS-1601:CSSD Reconfiguration complete. Active nodes are regracdb1 .
2017-08-03 14:42:24.851: 
[crsd(14620)]CRS-5504:Node down event reported for node 'regracdb2'.
2017-08-03 14:42:27.913: 
[crsd(14620)]CRS-2773:Server 'regracdb2' has been removed from pool 'Generic'.
2017-08-03 14:42:27.914: 
[crsd(14620)]CRS-2773:Server 'regracdb2' has been removed from pool 'ora.sgeregdb'.
2017-08-03 14:42:27.914: 
[crsd(14620)]CRS-2773:Server 'regracdb2' has been removed from pool 'ora.sgeregdb_sgereg'.
2017-08-03 14:46:30.098: 
[cssd(14209)]CRS-1601:CSSD Reconfiguration complete. Active nodes are regracdb1 regracdb2 .
2017-08-03 14:46:59.555: 
[crsd(14620)]CRS-2772:Server 'regracdb2' has been assigned to pool 'Generic'.
2017-08-03 14:46:59.556: 
[crsd(14620)]CRS-2772:Server 'regracdb2' has been assigned to pool 'ora.sgeregdb'.
2017-08-03 14:46:59.556: 
[crsd(14620)]CRS-2772:Server 'regracdb2' has been assigned to pool 'ora.sgeregdb_sgereg'.
2017-08-04 14:13:58.411: 
[cssd(14209)]CRS-1656:The CSS daemon is terminating due to a fatal error; Details at (:CSSSC00012:) in /app/11.2.0/grid/log/regracdb1/cssd/ocssd.log
2017-08-04 14:13:58.411: 
[gpnpd(14129)]CRS-2341:GPNPD on node regracdb1 shutting down on signal 15. 
2017-08-04 14:18:56.468: 
[ohasd(4692)]CRS-2112:The OLR service started on node regracdb1.
2017-08-04 14:18:56.497: 
[ohasd(4692)]CRS-8017:location: /etc/oracle/lastgasp has 2 reboot advisory log files, 0 were announced and 0 errors occurred
2017-08-04 14:18:56.492: 
[ohasd(4692)]CRS-1301:Oracle High Availability Service started on node regracdb1.
2017-08-04 14:18:56.877: 
[/app/11.2.0/grid/bin/oraagent.bin(4750)]CRS-5011:Check of resource "+ASM" failed: details at "(:CLSN00006:)" in "/app/11.2.0/grid/log/regracdb1/agent/ohasd/oraagent_grid//oraagent_grid.log"
2017-08-04 14:19:00.009: 
[/app/11.2.0/grid/bin/orarootagent.bin(4754)]CRS-2302:Cannot get GPnP profile. Error CLSGPNP_NO_DAEMON (GPNPD daemon is not running). 
2017-08-04 14:19:02.173: 
[gpnpd(4846)]CRS-2328:GPNPD started on node regracdb1. 
2017-08-04 14:19:04.485: 
[cssd(4914)]CRS-1713:CSSD daemon is started in clustered mode
2017-08-04 14:19:06.320: 
[ohasd(4692)]CRS-2767:Resource state recovery not attempted for 'ora.diskmon' as its target state is OFFLINE
2017-08-04 14:19:26.056: 
[cssd(4914)]CRS-1707:Lease acquisition for node regracdb1 number 1 completed
2017-08-04 14:19:27.321: 
[cssd(4914)]CRS-1605:CSSD voting file is online: /dev/mapper/ocr1; details in /app/11.2.0/grid/log/regracdb1/cssd/ocssd.log.
2017-08-04 14:19:27.331: 
[cssd(4914)]CRS-1605:CSSD voting file is online: /dev/mapper/ocr2; details in /app/11.2.0/grid/log/regracdb1/cssd/ocssd.log.
2017-08-04 14:19:27.340: 
[cssd(4914)]CRS-1605:CSSD voting file is online: /dev/mapper/ocr3; details in /app/11.2.0/grid/log/regracdb1/cssd/ocssd.log.
2017-08-04 14:19:35.188: 
[cssd(4914)]CRS-1601:CSSD Reconfiguration complete. Active nodes are regracdb1 regracdb2 .
2017-08-04 14:19:37.469: 
[ctssd(5173)]CRS-2403:The Cluster Time Synchronization Service on host regracdb1 is in observer mode.
2017-08-04 14:19:37.704: 
[ctssd(5173)]CRS-2407:The new Cluster Time Synchronization Service reference node is host regracdb2.
2017-08-04 14:19:37.704: 
[ctssd(5173)]CRS-2401:The Cluster Time Synchronization Service started on host regracdb1.
2017-08-04 14:19:39.461: 
[ohasd(4692)]CRS-2767:Resource state recovery not attempted for 'ora.diskmon' as its target state is OFFLINE
2017-08-04 14:19:46.702: 
[/app/11.2.0/grid/bin/oraagent.bin(4825)]CRS-5011:Check of resource "+ASM" failed: details at "(:CLSN00006:)" in "/app/11.2.0/grid/log/regracdb1/agent/ohasd/oraagent_grid//oraagent_grid.log"
2017-08-04 14:19:52.458: 
[/app/11.2.0/grid/bin/oraagent.bin(4825)]CRS-5011:Check of resource "+ASM" failed: details at "(:CLSN00006:)" in "/app/11.2.0/grid/log/regracdb1/agent/ohasd/oraagent_grid//oraagent_grid.log"
2017-08-04 14:19:53.727: 
[ctssd(5173)]CRS-2409:The clock on host regracdb1 is not synchronous with the mean cluster time. No action has been taken as the Cluster Time Synchronization Service is running in observer mode.
2017-08-04 14:20:16.371: 
[crsd(5482)]CRS-1012:The OCR service started on node regracdb1.
2017-08-04 14:20:16.426: 
[evmd(5194)]CRS-1401:EVMD started on node regracdb1.
2017-08-04 14:20:17.355: 
[crsd(5482)]CRS-1201:CRSD started on node regracdb1.
2017-08-04 14:20:18.997: 
[/app/11.2.0/grid/bin/oraagent.bin(5604)]CRS-5011:Check of resource "sgeregdb" failed: details at "(:CLSN00007:)" in "/app/11.2.0/grid/log/regracdb1/agent/crsd/oraagent_oracle//oraagent_oracle.log"
2017-08-04 14:49:54.005: 
[ctssd(5173)]CRS-2409:The clock on host regracdb1 is not synchronous with the mean cluster time. No action has been taken as the Cluster Time Synchronization Service is running in observer mode.
2017-08-04 15:19:54.318: 
[ctssd(5173)]CRS-2409:The clock on host regracdb1 is not synchronous with the mean cluster time. No action has been taken as the Cluster Time Synchronization Service is running in observer mode.
2017-08-04 15:49:54.635: 
[ctssd(5173)]CRS-2409:The clock on host regracdb1 is not synchronous with the mean cluster time. No action has been taken as the Cluster Time Synchronization Service is running in observer mode.
2017-08-04 16:19:54.934: 
[ctssd(5173)]CRS-2409:The clock on host regracdb1 is not synchronous with the mean cluster time. No action has been taken as the Cluster Time Synchronization Service is running in observer mode.
2017-08-04 16:49:55.207: 
[ctssd(5173)]CRS-2409:The clock on host regracdb1 is not synchronous with the mean cluster time. No action has been taken as the Cluster Time Synchronization Service is running in observer mode.
2017-08-04 17:19:55.473: 
[ctssd(5173)]CRS-2409:The clock on host regracdb1 is not synchronous with the mean cluster time. No action has been taken as the Cluster Time Synchronization Service is running in observer mode.
2017-08-04 17:49:55.763: 
[ctssd(5173)]CRS-2409:The clock on host regracdb1 is not synchronous with the mean cluster time. No action has been taken as the Cluster Time Synchronization Service is running in observer mode.
2017-08-04 18:19:56.064: 
[ctssd(5173)]CRS-2409:The clock on host regracdb1 is not synchronous with the mean cluster time. No action has been taken as the Cluster Time Synchronization Service is running in observer mode.
2017-08-04 18:49:56.372: 
[ctssd(5173)]CRS-2409:The clock on host regracdb1 is not synchronous with the mean cluster time. No action has been taken as the Cluster Time Synchronization Service is running in observer mode.
2017-08-04 19:19:56.680: 
[ctssd(5173)]CRS-2409:The clock on host regracdb1 is not synchronous with the mean cluster time. No action has been taken as the Cluster Time Synchronization Service is running in observer mode.
2017-08-04 19:49:56.994: 
[ctssd(5173)]CRS-2409:The clock on host regracdb1 is not synchronous with the mean cluster time. No action has been taken as the Cluster Time Synchronization Service is running in observer mode.
2017-08-04 20:19:57.299: 
[ctssd(5173)]CRS-2409:The clock on host regracdb1 is not synchronous with the mean cluster time. No action has been taken as the Cluster Time Synchronization Service is running in observer mode.
2017-08-04 20:49:57.590: 
[ctssd(5173)]CRS-2409:The clock on host regracdb1 is not synchronous with the mean cluster time. No action has been taken as the Cluster Time Synchronization Service is running in observer mode.
2017-08-04 21:19:57.853: 
[ctssd(5173)]CRS-2409:The clock on host regracdb1 is not synchronous with the mean cluster time. No action has been taken as the Cluster Time Synchronization Service is running in observer mode.
2017-08-04 21:49:58.119: 
[ctssd(5173)]CRS-2409:The clock on host regracdb1 is not synchronous with the mean cluster time. No action has been taken as the Cluster Time Synchronization Service is running in observer mode.
2017-08-04 22:19:58.375: 
[ctssd(5173)]CRS-2409:The clock on host regracdb1 is not synchronous with the mean cluster time. No action has been taken as the Cluster Time Synchronization Service is running in observer mode.
2017-08-04 22:49:58.643: 
[ctssd(5173)]CRS-2409:The clock on host regracdb1 is not synchronous with the mean cluster time. No action has been taken as the Cluster Time Synchronization Service is running in observer mode.
2017-08-04 23:19:58.919: 
[ctssd(5173)]CRS-2409:The clock on host regracdb1 is not synchronous with the mean cluster time. No action has been taken as the Cluster Time Synchronization Service is running in observer mode.
2017-08-04 23:49:59.208: 
[ctssd(5173)]CRS-2409:The clock on host regracdb1 is not synchronous with the mean cluster time. No action has been taken as the Cluster Time Synchronization Service is running in observer mode.
2017-08-05 00:19:59.489: 
[ctssd(5173)]CRS-2409:The clock on host regracdb1 is not synchronous with the mean cluster time. No action has been taken as the Cluster Time Synchronization Service is running in observer mode.
2017-08-05 00:49:59.803: 
[ctssd(5173)]CRS-2409:The clock on host regracdb1 is not synchronous with the mean cluster time. No action has been taken as the Cluster Time Synchronization Service is running in observer mode.
2017-08-05 01:20:00.094: 
[ctssd(5173)]CRS-2409:The clock on host regracdb1 is not synchronous with the mean cluster time. No action has been taken as the Cluster Time Synchronization Service is running in observer mode.
2017-08-05 01:50:00.367: 
[ctssd(5173)]CRS-2409:The clock on host regracdb1 is not synchronous with the mean cluster time. No action has been taken as the Cluster Time Synchronization Service is running in observer mode.
2017-08-05 02:20:00.653: 
[ctssd(5173)]CRS-2409:The clock on host regracdb1 is not synchronous with the mean cluster time. No action has been taken as the Cluster Time Synchronization Service is running in observer mode.
2017-08-05 02:50:00.922: 
[ctssd(5173)]CRS-2409:The clock on host regracdb1 is not synchronous with the mean cluster time. No action has been taken as the Cluster Time Synchronization Service is running in observer mode.
2017-08-05 03:20:01.212: 
[ctssd(5173)]CRS-2409:The clock on host regracdb1 is not synchronous with the mean cluster time. No action has been taken as the Cluster Time Synchronization Service is running in observer mode.
2017-08-05 03:50:01.511: 
[ctssd(5173)]CRS-2409:The clock on host regracdb1 is not synchronous with the mean cluster time. No action has been taken as the Cluster Time Synchronization Service is running in observer mode.
2017-08-05 04:20:01.785: 
[ctssd(5173)]CRS-2409:The clock on host regracdb1 is not synchronous with the mean cluster time. No action has been taken as the Cluster Time Synchronization Service is running in observer mode.
2017-08-05 04:50:02.056: 
[ctssd(5173)]CRS-2409:The clock on host regracdb1 is not synchronous with the mean cluster time. No action has been taken as the Cluster Time Synchronization Service is running in observer mode.
2017-08-05 05:20:02.329: 
[ctssd(5173)]CRS-2409:The clock on host regracdb1 is not synchronous with the mean cluster time. No action has been taken as the Cluster Time Synchronization Service is running in observer mode.
2017-08-05 05:50:02.601: 
[ctssd(5173)]CRS-2409:The clock on host regracdb1 is not synchronous with the mean cluster time. No action has been taken as the Cluster Time Synchronization Service is running in observer mode.
2017-08-05 06:20:02.873: 
[ctssd(5173)]CRS-2409:The clock on host regracdb1 is not synchronous with the mean cluster time. No action has been taken as the Cluster Time Synchronization Service is running in observer mode.
2017-08-05 06:50:03.160: 
[ctssd(5173)]CRS-2409:The clock on host regracdb1 is not synchronous with the mean cluster time. No action has been taken as the Cluster Time Synchronization Service is running in observer mode.
2017-08-05 07:20:03.454: 
[ctssd(5173)]CRS-2409:The clock on host regracdb1 is not synchronous with the mean cluster time. No action has been taken as the Cluster Time Synchronization Service is running in observer mode.
2017-08-05 07:50:03.720: 
[ctssd(5173)]CRS-2409:The clock on host regracdb1 is not synchronous with the mean cluster time. No action has been taken as the Cluster Time Synchronization Service is running in observer mode.
2017-08-05 08:20:03.991: 
[ctssd(5173)]CRS-2409:The clock on host regracdb1 is not synchronous with the mean cluster time. No action has been taken as the Cluster Time Synchronization Service is running in observer mode.
2017-08-05 08:50:04.253: 
[ctssd(5173)]CRS-2409:The clock on host regracdb1 is not synchronous with the mean cluster time. No action has been taken as the Cluster Time Synchronization Service is running in observer mode.
2017-08-05 09:20:04.523: 
[ctssd(5173)]CRS-2409:The clock on host regracdb1 is not synchronous with the mean cluster time. No action has been taken as the Cluster Time Synchronization Service is running in observer mode.
2017-08-05 09:50:04.789: 
[ctssd(5173)]CRS-2409:The clock on host regracdb1 is not synchronous with the mean cluster time. No action has been taken as the Cluster Time Synchronization Service is running in observer mode.
2017-08-05 10:20:05.056: 
[ctssd(5173)]CRS-2409:The clock on host regracdb1 is not synchronous with the mean cluster time. No action has been taken as the Cluster Time Synchronization Service is running in observer mode.
2017-08-05 10:50:05.322: 
[ctssd(5173)]CRS-2409:The clock on host regracdb1 is not synchronous with the mean cluster time. No action has been taken as the Cluster Time Synchronization Service is running in observer mode.
2017-08-05 11:20:05.590: 
[ctssd(5173)]CRS-2409:The clock on host regracdb1 is not synchronous with the mean cluster time. No action has been taken as the Cluster Time Synchronization Service is running in observer mode.
2017-08-05 16:48:32.515: 
[ctssd(5173)]CRS-2409:The clock on host regracdb1 is not synchronous with the mean cluster time. No action has been taken as the Cluster Time Synchronization Service is running in observer mode.
2017-08-05 17:19:04.780: 
[ctssd(5173)]CRS-2409:The clock on host regracdb1 is not synchronous with the mean cluster time. No action has been taken as the Cluster Time Synchronization Service is running in observer mode.
2017-08-05 17:49:05.045: 
[ctssd(5173)]CRS-2409:The clock on host regracdb1 is not synchronous with the mean cluster time. No action has been taken as the Cluster Time Synchronization Service is running in observer mode.
2017-08-05 18:22:49.345: 
[ctssd(5173)]CRS-2409:The clock on host regracdb1 is not synchronous with the mean cluster time. No action has been taken as the Cluster Time Synchronization Service is running in observer mode.
2017-08-06 09:35:37.514: 
[ctssd(5173)]CRS-2409:The clock on host regracdb1 is not synchronous with the mean cluster time. No action has been taken as the Cluster Time Synchronization Service is running in observer mode.
2017-08-06 10:05:37.786: 
[ctssd(5173)]CRS-2409:The clock on host regracdb1 is not synchronous with the mean cluster time. No action has been taken as the Cluster Time Synchronization Service is running in observer mode.
2017-08-06 10:35:38.050: 
[ctssd(5173)]CRS-2409:The clock on host regracdb1 is not synchronous with the mean cluster time. No action has been taken as the Cluster Time Synchronization Service is running in observer mode.
2017-08-06 11:05:38.333: 
[ctssd(5173)]CRS-2409:The clock on host regracdb1 is not synchronous with the mean cluster time. No action has been taken as the Cluster Time Synchronization Service is running in observer mode.
2017-08-06 11:35:38.605: 
[ctssd(5173)]CRS-2409:The clock on host regracdb1 is not synchronous with the mean cluster time. No action has been taken as the Cluster Time Synchronization Service is running in observer mode.
2017-08-06 12:06:02.878: 
[ctssd(5173)]CRS-2409:The clock on host regracdb1 is not synchronous with the mean cluster time. No action has been taken as the Cluster Time Synchronization Service is running in observer mode.
2017-08-06 15:35:08.741: 
[ctssd(5173)]CRS-2409:The clock on host regracdb1 is not synchronous with the mean cluster time. No action has been taken as the Cluster Time Synchronization Service is running in observer mode.
2017-08-06 16:05:09.010: 
[ctssd(5173)]CRS-2409:The clock on host regracdb1 is not synchronous with the mean cluster time. No action has been taken as the Cluster Time Synchronization Service is running in observer mode.
2017-08-06 16:35:09.276: 
[ctssd(5173)]CRS-2409:The clock on host regracdb1 is not synchronous with the mean cluster time. No action has been taken as the Cluster Time Synchronization Service is running in observer mode.
2017-08-06 17:05:09.544: 
[ctssd(5173)]CRS-2409:The clock on host regracdb1 is not synchronous with the mean cluster time. No action has been taken as the Cluster Time Synchronization Service is running in observer mode.
2017-08-06 17:35:09.819: 
[ctssd(5173)]CRS-2409:The clock on host regracdb1 is not synchronous with the mean cluster time. No action has been taken as the Cluster Time Synchronization Service is running in observer mode.
2017-08-06 18:05:10.077: 
[ctssd(5173)]CRS-2409:The clock on host regracdb1 is not synchronous with the mean cluster time. No action has been taken as the Cluster Time Synchronization Service is running in observer mode.
2017-08-06 18:35:10.351: 
[ctssd(5173)]CRS-2409:The clock on host regracdb1 is not synchronous with the mean cluster time. No action has been taken as the Cluster Time Synchronization Service is running in observer mode.
2017-08-06 19:05:18.615: 
[ctssd(5173)]CRS-2409:The clock on host regracdb1 is not synchronous with the mean cluster time. No action has been taken as the Cluster Time Synchronization Service is running in observer mode.
2017-08-06 20:34:55.409: 
[ctssd(5173)]CRS-2409:The clock on host regracdb1 is not synchronous with the mean cluster time. No action has been taken as the Cluster Time Synchronization Service is running in observer mode.
2017-08-06 21:04:55.673: 
[ctssd(5173)]CRS-2409:The clock on host regracdb1 is not synchronous with the mean cluster time. No action has been taken as the Cluster Time Synchronization Service is running in observer mode.
2017-08-06 21:34:55.944: 
[ctssd(5173)]CRS-2409:The clock on host regracdb1 is not synchronous with the mean cluster time. No action has been taken as the Cluster Time Synchronization Service is running in observer mode.
2017-08-06 22:06:00.214: 
[ctssd(5173)]CRS-2409:The clock on host regracdb1 is not synchronous with the mean cluster time. No action has been taken as the Cluster Time Synchronization Service is running in observer mode.
2017-08-06 22:36:24.517: 
[ctssd(5173)]CRS-2409:The clock on host regracdb1 is not synchronous with the mean cluster time. No action has been taken as the Cluster Time Synchronization Service is running in observer mode.
2017-08-06 23:08:00.813: 
[ctssd(5173)]CRS-2409:The clock on host regracdb1 is not synchronous with the mean cluster time. No action has been taken as the Cluster Time Synchronization Service is running in observer mode.
2017-08-06 23:38:01.081: 
[ctssd(5173)]CRS-2409:The clock on host regracdb1 is not synchronous with the mean cluster time. No action has been taken as the Cluster Time Synchronization Service is running in observer mode.
2017-08-07 00:08:01.348: 
[ctssd(5173)]CRS-2409:The clock on host regracdb1 is not synchronous with the mean cluster time. No action has been taken as the Cluster Time Synchronization Service is running in observer mode.
2017-08-07 00:38:01.635: 
[ctssd(5173)]CRS-2409:The clock on host regracdb1 is not synchronous with the mean cluster time. No action has been taken as the Cluster Time Synchronization Service is running in observer mode.
2017-08-07 01:08:01.906: 
[ctssd(5173)]CRS-2409:The clock on host regracdb1 is not synchronous with the mean cluster time. No action has been taken as the Cluster Time Synchronization Service is running in observer mode.
2017-08-07 01:38:02.164: 
[ctssd(5173)]CRS-2409:The clock on host regracdb1 is not synchronous with the mean cluster time. No action has been taken as the Cluster Time Synchronization Service is running in observer mode.
2017-08-07 02:08:02.427: 
[ctssd(5173)]CRS-2409:The clock on host regracdb1 is not synchronous with the mean cluster time. No action has been taken as the Cluster Time Synchronization Service is running in observer mode.
2017-08-07 02:38:02.692: 
[ctssd(5173)]CRS-2409:The clock on host regracdb1 is not synchronous with the mean cluster time. No action has been taken as the Cluster Time Synchronization Service is running in observer mode.
2017-08-07 03:08:02.957: 
[ctssd(5173)]CRS-2409:The clock on host regracdb1 is not synchronous with the mean cluster time. No action has been taken as the Cluster Time Synchronization Service is running in observer mode.
2017-08-07 03:38:03.228: 
[ctssd(5173)]CRS-2409:The clock on host regracdb1 is not synchronous with the mean cluster time. No action has been taken as the Cluster Time Synchronization Service is running in observer mode.
2017-08-07 04:08:03.530: 
[ctssd(5173)]CRS-2409:The clock on host regracdb1 is not synchronous with the mean cluster time. No action has been taken as the Cluster Time Synchronization Service is running in observer mode.
2017-08-07 04:38:03.812: 
[ctssd(5173)]CRS-2409:The clock on host regracdb1 is not synchronous with the mean cluster time. No action has been taken as the Cluster Time Synchronization Service is running in observer mode.
2017-08-07 05:08:04.072: 
[ctssd(5173)]CRS-2409:The clock on host regracdb1 is not synchronous with the mean cluster time. No action has been taken as the Cluster Time Synchronization Service is running in observer mode.
2017-08-07 05:38:04.331: 
[ctssd(5173)]CRS-2409:The clock on host regracdb1 is not synchronous with the mean cluster time. No action has been taken as the Cluster Time Synchronization Service is running in observer mode.
2017-08-07 06:08:04.603: 
[ctssd(5173)]CRS-2409:The clock on host regracdb1 is not synchronous with the mean cluster time. No action has been taken as the Cluster Time Synchronization Service is running in observer mode.
2017-08-07 06:38:04.906: 
[ctssd(5173)]CRS-2409:The clock on host regracdb1 is not synchronous with the mean cluster time. No action has been taken as the Cluster Time Synchronization Service is running in observer mode.
2017-08-07 07:08:05.207: 
[ctssd(5173)]CRS-2409:The clock on host regracdb1 is not synchronous with the mean cluster time. No action has been taken as the Cluster Time Synchronization Service is running in observer mode.
2017-08-07 07:38:05.495: 
[ctssd(5173)]CRS-2409:The clock on host regracdb1 is not synchronous with the mean cluster time. No action has been taken as the Cluster Time Synchronization Service is running in observer mode.
2017-08-07 08:08:05.772: 
[ctssd(5173)]CRS-2409:The clock on host regracdb1 is not synchronous with the mean cluster time. No action has been taken as the Cluster Time Synchronization Service is running in observer mode.
2017-08-07 08:38:06.039: 
[ctssd(5173)]CRS-2409:The clock on host regracdb1 is not synchronous with the mean cluster time. No action has been taken as the Cluster Time Synchronization Service is running in observer mode.
2017-08-07 09:08:06.306: 
[ctssd(5173)]CRS-2409:The clock on host regracdb1 is not synchronous with the mean cluster time. No action has been taken as the Cluster Time Synchronization Service is running in observer mode.
2017-08-07 09:38:06.570: 
[ctssd(5173)]CRS-2409:The clock on host regracdb1 is not synchronous with the mean cluster time. No action has been taken as the Cluster Time Synchronization Service is running in observer mode.
2017-08-07 10:08:06.844: 
[ctssd(5173)]CRS-2409:The clock on host regracdb1 is not synchronous with the mean cluster time. No action has been taken as the Cluster Time Synchronization Service is running in observer mode.
2017-08-07 10:38:55.124: 
[ctssd(5173)]CRS-2409:The clock on host regracdb1 is not synchronous with the mean cluster time. No action has been taken as the Cluster Time Synchronization Service is running in observer mode.
2017-08-07 11:11:35.413: 
[ctssd(5173)]CRS-2409:The clock on host regracdb1 is not synchronous with the mean cluster time. No action has been taken as the Cluster Time Synchronization Service is running in observer mode.
2017-08-07 12:29:12.107: 
[ctssd(5173)]CRS-2409:The clock on host regracdb1 is not synchronous with the mean cluster time. No action has been taken as the Cluster Time Synchronization Service is running in observer mode.
2017-08-07 14:26:15.315: 
[/app/11.2.0/grid/bin/oraagent.bin(5592)]CRS-5818:Aborted command 'stop' for resource 'ora.DATA.dg'. Details at (:CRSAGF00113:) {1:12882:4904} in /app/11.2.0/grid/log/regracdb1/agent/crsd/oraagent_grid//oraagent_grid.log.
2017-08-07 14:26:30.043: 
[/app/11.2.0/grid/bin/orarootagent.bin(5599)]CRS-5822:Agent '/app/11.2.0/grid/bin/orarootagent_root' disconnected from server. Details at (:CRSAGF00117:) {0:3:32} in /app/11.2.0/grid/log/regracdb1/agent/crsd/orarootagent_root//orarootagent_root.log.
2017-08-07 14:26:30.961: 
[ctssd(5173)]CRS-2405:The Cluster Time Synchronization Service on host regracdb1 is shutdown by user
2017-08-07 14:26:30.964: 
[mdnsd(4836)]CRS-5602:mDNS service stopping by request.
2017-08-07 14:26:40.782: 
[cssd(4914)]CRS-1603:CSSD on node regracdb1 shutdown by user.
2017-08-07 14:26:40.885: 
[ohasd(4692)]CRS-2767:Resource state recovery not attempted for 'ora.cssdmonitor' as its target state is OFFLINE
2017-08-07 14:26:40.983: 
[cssd(4914)]CRS-1660:The CSS daemon shutdown has completed
2017-08-07 14:26:43.126: 
[gpnpd(4846)]CRS-2329:GPNPD on node regracdb1 shutdown. 
2017-08-07 14:27:55.380: 
[ohasd(22971)]CRS-2112:The OLR service started on node regracdb1.
2017-08-07 14:27:55.384: 
[ohasd(22971)]CRS-1301:Oracle High Availability Service started on node regracdb1.
2017-08-07 14:27:55.384: 
[ohasd(22971)]CRS-8017:location: /etc/oracle/lastgasp has 2 reboot advisory log files, 0 were announced and 0 errors occurred
2017-08-07 14:27:58.560: 
[/app/11.2.0/grid/bin/orarootagent.bin(23119)]CRS-2302:Cannot get GPnP profile. Error CLSGPNP_NO_DAEMON (GPNPD daemon is not running). 
2017-08-07 14:28:02.903: 
[gpnpd(23217)]CRS-2328:GPNPD started on node regracdb1. 
2017-08-07 14:28:05.217: 
[cssd(23290)]CRS-1713:CSSD daemon is started in clustered mode
2017-08-07 14:28:07.076: 
[ohasd(22971)]CRS-2767:Resource state recovery not attempted for 'ora.diskmon' as its target state is OFFLINE
2017-08-07 14:28:24.762: 
[cssd(23290)]CRS-1707:Lease acquisition for node regracdb1 number 1 completed
2017-08-07 14:28:26.009: 
[cssd(23290)]CRS-1605:CSSD voting file is online: /dev/mapper/ocr1; details in /app/11.2.0/grid/log/regracdb1/cssd/ocssd.log.
2017-08-07 14:28:26.016: 
[cssd(23290)]CRS-1605:CSSD voting file is online: /dev/mapper/ocr2; details in /app/11.2.0/grid/log/regracdb1/cssd/ocssd.log.
2017-08-07 14:28:26.022: 
[cssd(23290)]CRS-1605:CSSD voting file is online: /dev/mapper/ocr3; details in /app/11.2.0/grid/log/regracdb1/cssd/ocssd.log.
2017-08-07 14:28:35.136: 
[cssd(23290)]CRS-1601:CSSD Reconfiguration complete. Active nodes are regracdb1 .
2017-08-07 14:28:37.222: 
[ctssd(23543)]CRS-2403:The Cluster Time Synchronization Service on host regracdb1 is in observer mode.
2017-08-07 14:28:37.456: 
[ctssd(23543)]CRS-2407:The new Cluster Time Synchronization Service reference node is host regracdb1.
2017-08-07 14:28:37.456: 
[ctssd(23543)]CRS-2401:The Cluster Time Synchronization Service started on host regracdb1.
2017-08-07 14:28:39.215: 
[ohasd(22971)]CRS-2767:Resource state recovery not attempted for 'ora.diskmon' as its target state is OFFLINE
2017-08-07 14:28:58.022: 
[crsd(24431)]CRS-1012:The OCR service started on node regracdb1.
2017-08-07 14:28:58.257: 
[evmd(23565)]CRS-1401:EVMD started on node regracdb1.
2017-08-07 14:28:59.122: 
[crsd(24431)]CRS-1201:CRSD started on node regracdb1.
2017-08-07 14:29:05.512: 
[crsd(24431)]CRS-2772:Server 'regracdb1' has been assigned to pool 'Generic'.
2017-08-07 14:29:05.512: 
[crsd(24431)]CRS-2772:Server 'regracdb1' has been assigned to pool 'ora.sgeregdb'.
2017-08-07 14:29:05.513: 
[crsd(24431)]CRS-2772:Server 'regracdb1' has been assigned to pool 'ora.sgeregdb_sgereg'.
2017-08-07 14:29:05.716: 
[client(24765)]CRS-4743:File /app/11.2.0/grid/oc4j/j2ee/home/OC4J_DBWLM_config/system-jazn-data.xml was updated from OCR(Size: 13365(New), 13378(Old) bytes)
2017-08-07 14:29:12.547: 
[cssd(23290)]CRS-1601:CSSD Reconfiguration complete. Active nodes are regracdb1 regracdb2 .
2017-08-07 14:29:42.604: 
[crsd(24431)]CRS-2772:Server 'regracdb2' has been assigned to pool 'Generic'.
2017-08-07 14:29:42.605: 
[crsd(24431)]CRS-2772:Server 'regracdb2' has been assigned to pool 'ora.sgeregdb'.
2017-08-07 14:29:42.605: 
[crsd(24431)]CRS-2772:Server 'regracdb2' has been assigned to pool 'ora.sgeregdb_sgereg'.
2017-08-07 14:47:31.752: 
[crsd(24431)]CRS-2773:Server 'regracdb1' has been removed from pool 'ora.sgeregdb_sgereg'.
2017-08-07 14:47:31.752: 
[crsd(24431)]CRS-2773:Server 'regracdb2' has been removed from pool 'ora.sgeregdb_sgereg'.
2017-08-07 14:47:35.524: 
[crsd(24431)]CRS-2772:Server 'regracdb1' has been assigned to pool 'ora.sgeregdb_sgereg'.
2017-08-07 14:47:35.524: 
[crsd(24431)]CRS-2772:Server 'regracdb2' has been assigned to pool 'ora.sgeregdb_sgereg'.
2017-09-20 14:15:55.839: 
[cssd(23290)]CRS-1612:Network communication with node regracdb2 (2) missing for 50% of timeout interval.  Removal of this node from cluster in 14.850 seconds
2017-09-20 14:16:03.840: 
[cssd(23290)]CRS-1611:Network communication with node regracdb2 (2) missing for 75% of timeout interval.  Removal of this node from cluster in 6.850 seconds
2017-09-20 14:16:07.841: 
[cssd(23290)]CRS-1610:Network communication with node regracdb2 (2) missing for 90% of timeout interval.  Removal of this node from cluster in 2.850 seconds
2017-09-20 14:16:10.692: 
[cssd(23290)]CRS-1632:Node regracdb2 is being removed from the cluster in cluster incarnation 397582115
2017-09-20 14:16:10.696: 
[cssd(23290)]CRS-1601:CSSD Reconfiguration complete. Active nodes are regracdb1 .
2017-09-20 14:16:10.697: 
[crsd(24431)]CRS-5504:Node down event reported for node 'regracdb2'.
2017-09-20 14:16:13.256: 
[crsd(24431)]CRS-2773:Server 'regracdb2' has been removed from pool 'Generic'.
2017-09-20 14:16:13.256: 
[crsd(24431)]CRS-2773:Server 'regracdb2' has been removed from pool 'ora.sgeregdb'.
2017-09-20 14:16:13.256: 
[crsd(24431)]CRS-2773:Server 'regracdb2' has been removed from pool 'ora.sgeregdb_sgereg'.
2017-09-20 14:21:08.829: 
[cssd(23290)]CRS-1601:CSSD Reconfiguration complete. Active nodes are regracdb1 regracdb2 .
2017-09-20 14:21:50.431: 
[crsd(24431)]CRS-2772:Server 'regracdb2' has been assigned to pool 'Generic'.
2017-09-20 14:21:50.432: 
[crsd(24431)]CRS-2772:Server 'regracdb2' has been assigned to pool 'ora.sgeregdb'.
2017-09-20 14:21:50.432: 
[crsd(24431)]CRS-2772:Server 'regracdb2' has been assigned to pool 'ora.sgeregdb_sgereg'.
2017-09-20 16:57:32.400: 
[cssd(23290)]CRS-1656:The CSS daemon is terminating due to a fatal error; Details at (:CSSSC00012:) in /app/11.2.0/grid/log/regracdb1/cssd/ocssd.log
2017-09-20 16:57:32.400: 
[gpnpd(23217)]CRS-2341:GPNPD on node regracdb1 shutting down on signal 15. 
2017-09-20 17:02:16.925: 
[ohasd(4611)]CRS-2112:The OLR service started on node regracdb1.
2017-09-20 17:02:16.931: 
[ohasd(4611)]CRS-1301:Oracle High Availability Service started on node regracdb1.
2017-09-20 17:02:16.932: 
[ohasd(4611)]CRS-8017:location: /etc/oracle/lastgasp has 2 reboot advisory log files, 0 were announced and 0 errors occurred
2017-09-20 17:02:17.216: 
[/app/11.2.0/grid/bin/oraagent.bin(4663)]CRS-5011:Check of resource "+ASM" failed: details at "(:CLSN00006:)" in "/app/11.2.0/grid/log/regracdb1/agent/ohasd/oraagent_grid//oraagent_grid.log"
2017-09-20 17:02:20.299: 
[/app/11.2.0/grid/bin/orarootagent.bin(4667)]CRS-2302:Cannot get GPnP profile. Error CLSGPNP_NO_DAEMON (GPNPD daemon is not running). 
2017-09-20 17:02:22.410: 
[gpnpd(4761)]CRS-2328:GPNPD started on node regracdb1. 
2017-09-20 17:02:24.714: 
[cssd(4819)]CRS-1713:CSSD daemon is started in clustered mode
2017-09-20 17:02:26.601: 
[ohasd(4611)]CRS-2767:Resource state recovery not attempted for 'ora.diskmon' as its target state is OFFLINE
2017-09-20 17:02:44.226: 
[cssd(4819)]CRS-1707:Lease acquisition for node regracdb1 number 1 completed
2017-09-20 17:02:45.472: 
[cssd(4819)]CRS-1605:CSSD voting file is online: /dev/mapper/ocr1; details in /app/11.2.0/grid/log/regracdb1/cssd/ocssd.log.
2017-09-20 17:02:45.487: 
[cssd(4819)]CRS-1605:CSSD voting file is online: /dev/mapper/ocr3; details in /app/11.2.0/grid/log/regracdb1/cssd/ocssd.log.
2017-09-20 17:02:45.491: 
[cssd(4819)]CRS-1605:CSSD voting file is online: /dev/mapper/ocr2; details in /app/11.2.0/grid/log/regracdb1/cssd/ocssd.log.
2017-09-20 17:02:48.797: 
[cssd(4819)]CRS-1601:CSSD Reconfiguration complete. Active nodes are regracdb1 regracdb2 .
2017-09-20 17:02:50.751: 
[ctssd(5064)]CRS-2403:The Cluster Time Synchronization Service on host regracdb1 is in observer mode.
2017-09-20 17:02:50.982: 
[ctssd(5064)]CRS-2407:The new Cluster Time Synchronization Service reference node is host regracdb2.
2017-09-20 17:02:50.982: 
[ctssd(5064)]CRS-2401:The Cluster Time Synchronization Service started on host regracdb1.
2017-09-20 17:02:52.745: 
[ohasd(4611)]CRS-2767:Resource state recovery not attempted for 'ora.diskmon' as its target state is OFFLINE
2017-09-20 17:03:00.001: 
[/app/11.2.0/grid/bin/oraagent.bin(4736)]CRS-5011:Check of resource "+ASM" failed: details at "(:CLSN00006:)" in "/app/11.2.0/grid/log/regracdb1/agent/ohasd/oraagent_grid//oraagent_grid.log"
2017-09-20 17:03:05.000: 
[ctssd(5064)]CRS-2409:The clock on host regracdb1 is not synchronous with the mean cluster time. No action has been taken as the Cluster Time Synchronization Service is running in observer mode.
2017-09-20 17:03:05.718: 
[/app/11.2.0/grid/bin/oraagent.bin(4736)]CRS-5011:Check of resource "+ASM" failed: details at "(:CLSN00006:)" in "/app/11.2.0/grid/log/regracdb1/agent/ohasd/oraagent_grid//oraagent_grid.log"
2017-09-20 17:03:23.839: 
[crsd(5331)]CRS-1012:The OCR service started on node regracdb1.
2017-09-20 17:03:23.845: 
[evmd(5089)]CRS-1401:EVMD started on node regracdb1.
2017-09-20 17:03:24.743: 
[crsd(5331)]CRS-1201:CRSD started on node regracdb1.
2017-09-20 17:03:26.375: 
[/app/11.2.0/grid/bin/oraagent.bin(5450)]CRS-5011:Check of resource "sgeregdb" failed: details at "(:CLSN00007:)" in "/app/11.2.0/grid/log/regracdb1/agent/crsd/oraagent_oracle//oraagent_oracle.log"
2017-09-20 17:33:07.553: 
[ctssd(5064)]CRS-2409:The clock on host regracdb1 is not synchronous with the mean cluster time. No action has been taken as the Cluster Time Synchronization Service is running in observer mode.
2017-09-20 18:03:07.781: 
[ctssd(5064)]CRS-2409:The clock on host regracdb1 is not synchronous with the mean cluster time. No action has been taken as the Cluster Time Synchronization Service is running in observer mode.
2017-09-20 18:33:08.010: 
[ctssd(5064)]CRS-2409:The clock on host regracdb1 is not synchronous with the mean cluster time. No action has been taken as the Cluster Time Synchronization Service is running in observer mode.
2017-09-20 19:03:08.253: 
[ctssd(5064)]CRS-2409:The clock on host regracdb1 is not synchronous with the mean cluster time. No action has been taken as the Cluster Time Synchronization Service is running in observer mode.
2017-09-20 19:33:08.497: 
[ctssd(5064)]CRS-2409:The clock on host regracdb1 is not synchronous with the mean cluster time. No action has been taken as the Cluster Time Synchronization Service is running in observer mode.
2017-09-20 20:03:08.736: 
[ctssd(5064)]CRS-2409:The clock on host regracdb1 is not synchronous with the mean cluster time. No action has been taken as the Cluster Time Synchronization Service is running in observer mode.
2017-09-20 20:33:08.963: 
[ctssd(5064)]CRS-2409:The clock on host regracdb1 is not synchronous with the mean cluster time. No action has been taken as the Cluster Time Synchronization Service is running in observer mode.
2017-09-20 21:03:09.180: 
[ctssd(5064)]CRS-2409:The clock on host regracdb1 is not synchronous with the mean cluster time. No action has been taken as the Cluster Time Synchronization Service is running in observer mode.
2017-09-20 21:33:09.399: 
[ctssd(5064)]CRS-2409:The clock on host regracdb1 is not synchronous with the mean cluster time. No action has been taken as the Cluster Time Synchronization Service is running in observer mode.
2017-09-20 22:03:09.618: 
[ctssd(5064)]CRS-2409:The clock on host regracdb1 is not synchronous with the mean cluster time. No action has been taken as the Cluster Time Synchronization Service is running in observer mode.
2017-09-20 22:33:09.839: 
[ctssd(5064)]CRS-2409:The clock on host regracdb1 is not synchronous with the mean cluster time. No action has been taken as the Cluster Time Synchronization Service is running in observer mode.
2017-09-20 23:03:10.064: 
[ctssd(5064)]CRS-2409:The clock on host regracdb1 is not synchronous with the mean cluster time. No action has been taken as the Cluster Time Synchronization Service is running in observer mode.
2017-09-20 23:33:10.287: 
[ctssd(5064)]CRS-2409:The clock on host regracdb1 is not synchronous with the mean cluster time. No action has been taken as the Cluster Time Synchronization Service is running in observer mode.
2017-09-21 00:03:10.508: 
[ctssd(5064)]CRS-2409:The clock on host regracdb1 is not synchronous with the mean cluster time. No action has been taken as the Cluster Time Synchronization Service is running in observer mode.
2017-09-21 00:33:10.726: 
[ctssd(5064)]CRS-2409:The clock on host regracdb1 is not synchronous with the mean cluster time. No action has been taken as the Cluster Time Synchronization Service is running in observer mode.
2017-09-21 01:03:10.945: 
[ctssd(5064)]CRS-2409:The clock on host regracdb1 is not synchronous with the mean cluster time. No action has been taken as the Cluster Time Synchronization Service is running in observer mode.
2017-09-21 01:33:11.161: 
[ctssd(5064)]CRS-2409:The clock on host regracdb1 is not synchronous with the mean cluster time. No action has been taken as the Cluster Time Synchronization Service is running in observer mode.
2017-09-21 02:03:11.372: 
[ctssd(5064)]CRS-2409:The clock on host regracdb1 is not synchronous with the mean cluster time. No action has been taken as the Cluster Time Synchronization Service is running in observer mode.
2017-09-21 02:33:11.590: 
[ctssd(5064)]CRS-2409:The clock on host regracdb1 is not synchronous with the mean cluster time. No action has been taken as the Cluster Time Synchronization Service is running in observer mode.
2017-09-21 03:03:11.812: 
[ctssd(5064)]CRS-2409:The clock on host regracdb1 is not synchronous with the mean cluster time. No action has been taken as the Cluster Time Synchronization Service is running in observer mode.
2017-09-21 03:33:12.044: 
[ctssd(5064)]CRS-2409:The clock on host regracdb1 is not synchronous with the mean cluster time. No action has been taken as the Cluster Time Synchronization Service is running in observer mode.
2017-09-21 04:03:12.286: 
[ctssd(5064)]CRS-2409:The clock on host regracdb1 is not synchronous with the mean cluster time. No action has been taken as the Cluster Time Synchronization Service is running in observer mode.
2017-09-21 04:33:12.509: 
[ctssd(5064)]CRS-2409:The clock on host regracdb1 is not synchronous with the mean cluster time. No action has been taken as the Cluster Time Synchronization Service is running in observer mode.
2017-09-21 05:03:12.733: 
[ctssd(5064)]CRS-2409:The clock on host regracdb1 is not synchronous with the mean cluster time. No action has been taken as the Cluster Time Synchronization Service is running in observer mode.
2017-09-21 05:33:12.953: 
[ctssd(5064)]CRS-2409:The clock on host regracdb1 is not synchronous with the mean cluster time. No action has been taken as the Cluster Time Synchronization Service is running in observer mode.
2017-09-21 06:03:13.181: 
[ctssd(5064)]CRS-2409:The clock on host regracdb1 is not synchronous with the mean cluster time. No action has been taken as the Cluster Time Synchronization Service is running in observer mode.
2017-09-21 06:33:13.393: 
[ctssd(5064)]CRS-2409:The clock on host regracdb1 is not synchronous with the mean cluster time. No action has been taken as the Cluster Time Synchronization Service is running in observer mode.
2017-09-21 07:03:13.608: 
[ctssd(5064)]CRS-2409:The clock on host regracdb1 is not synchronous with the mean cluster time. No action has been taken as the Cluster Time Synchronization Service is running in observer mode.
2017-09-21 07:33:13.820: 
[ctssd(5064)]CRS-2409:The clock on host regracdb1 is not synchronous with the mean cluster time. No action has been taken as the Cluster Time Synchronization Service is running in observer mode.
2017-09-21 08:03:14.037: 
[ctssd(5064)]CRS-2409:The clock on host regracdb1 is not synchronous with the mean cluster time. No action has been taken as the Cluster Time Synchronization Service is running in observer mode.
2017-09-21 08:33:14.257: 
[ctssd(5064)]CRS-2409:The clock on host regracdb1 is not synchronous with the mean cluster time. No action has been taken as the Cluster Time Synchronization Service is running in observer mode.
2017-09-21 09:03:14.505: 
[ctssd(5064)]CRS-2409:The clock on host regracdb1 is not synchronous with the mean cluster time. No action has been taken as the Cluster Time Synchronization Service is running in observer mode.
2017-09-21 09:33:14.727: 
[ctssd(5064)]CRS-2409:The clock on host regracdb1 is not synchronous with the mean cluster time. No action has been taken as the Cluster Time Synchronization Service is running in observer mode.
2017-09-21 09:47:53.762: 
[client(3436)]CRS-4743:File /app/11.2.0/grid/oc4j/j2ee/home/OC4J_DBWLM_config/system-jazn-data.xml was updated from OCR(Size: 13365(New), 13378(Old) bytes)
2017-09-21 09:48:11.939: 
[ctssd(5064)]CRS-2407:The new Cluster Time Synchronization Service reference node is host regracdb1.
2017-09-21 09:48:22.199: 
[cssd(4819)]CRS-1625:Node regracdb2, number 2, was shut down
2017-09-21 09:48:22.202: 
[cssd(4819)]CRS-1601:CSSD Reconfiguration complete. Active nodes are regracdb1 .
2017-09-21 09:48:22.203: 
[crsd(5331)]CRS-5504:Node down event reported for node 'regracdb2'.
2017-09-21 09:48:22.204: 
[crsd(5331)]CRS-2773:Server 'regracdb2' has been removed from pool 'Generic'.
2017-09-21 09:48:22.204: 
[crsd(5331)]CRS-2773:Server 'regracdb2' has been removed from pool 'ora.sgeregdb'.
2017-09-21 09:48:22.204: 
[crsd(5331)]CRS-2773:Server 'regracdb2' has been removed from pool 'ora.sgeregdb_sgereg'.
2017-09-21 09:53:14.881: 
[cssd(4819)]CRS-1601:CSSD Reconfiguration complete. Active nodes are regracdb1 regracdb2 .
2017-09-21 09:53:48.337: 
[crsd(5331)]CRS-2772:Server 'regracdb2' has been assigned to pool 'Generic'.
2017-09-21 09:53:48.337: 
[crsd(5331)]CRS-2772:Server 'regracdb2' has been assigned to pool 'ora.sgeregdb'.
2017-09-21 09:53:48.337: 
[crsd(5331)]CRS-2772:Server 'regracdb2' has been assigned to pool 'ora.sgeregdb_sgereg'.
2017-09-21 15:48:16.690: 
[client(7213)]CRS-10051:CVU found following errors with Clusterware setup : PRVF-7573 : Sufficient swap size is not available on node "regracdb1" [Required = 16GB (1.6777216E7KB) ; Found = 16GB (1.6777212E7KB)]
PRVF-7532 : Package "pdksh" is missing on node "regracdb1"
PRVF-5410 : Check of common NTP Time Server failed
PRVF-5416 : Query of NTP daemon failed on all nodes
PRVG-1101 : SCAN name "regracdb-scan" failed to resolve
PRVF-4657 : Name resolution setup check for "regracdb-scan" (IP address: 20.1.125.58) failed
PRVF-4664 : Found inconsistent name resolution entries for SCAN name "regracdb-scan"

2017-09-21 15:58:46.269: 
[crsd(5331)]CRS-2765:Resource 'ora.net1.network' has failed on server 'regracdb2'.
2017-09-21 15:58:46.269: 
[crsd(5331)]CRS-2769:Unable to failover resource 'ora.net1.network'.
2017-09-21 15:58:46.549: 
[crsd(5331)]CRS-2765:Resource 'ora.regracdb2.vip' has failed on server 'regracdb2'.
2017-09-21 15:58:55.465: 
[crsd(5331)]CRS-2769:Unable to failover resource 'ora.net1.network'.
2017-09-21 15:59:08.460: 
[cssd(4819)]CRS-1625:Node regracdb2, number 2, was shut down
2017-09-21 15:59:08.464: 
[cssd(4819)]CRS-1601:CSSD Reconfiguration complete. Active nodes are regracdb1 .
2017-09-21 15:59:08.465: 
[crsd(5331)]CRS-5504:Node down event reported for node 'regracdb2'.
2017-09-21 15:59:08.466: 
[crsd(5331)]CRS-2773:Server 'regracdb2' has been removed from pool 'Generic'.
2017-09-21 15:59:08.466: 
[crsd(5331)]CRS-2773:Server 'regracdb2' has been removed from pool 'ora.sgeregdb'.
2017-09-21 15:59:08.466: 
[crsd(5331)]CRS-2773:Server 'regracdb2' has been removed from pool 'ora.sgeregdb_sgereg'.
2017-09-21 16:03:56.977: 
[cssd(4819)]CRS-1601:CSSD Reconfiguration complete. Active nodes are regracdb1 regracdb2 .
2017-09-21 16:04:29.850: 
[crsd(5331)]CRS-2772:Server 'regracdb2' has been assigned to pool 'Generic'.
2017-09-21 16:04:29.850: 
[crsd(5331)]CRS-2772:Server 'regracdb2' has been assigned to pool 'ora.sgeregdb'.
2017-09-21 16:04:29.851: 
[crsd(5331)]CRS-2772:Server 'regracdb2' has been assigned to pool 'ora.sgeregdb_sgereg'.
2017-09-22 09:39:36.518: 
[crsd(5331)]CRS-2765:Resource 'ora.net1.network' has failed on server 'regracdb2'.
2017-09-22 09:39:36.518: 
[crsd(5331)]CRS-2769:Unable to failover resource 'ora.net1.network'.
2017-09-22 09:39:40.798: 
[crsd(5331)]CRS-2769:Unable to failover resource 'ora.net1.network'.
2017-09-22 09:39:51.277: 
[cssd(4819)]CRS-1625:Node regracdb2, number 2, was shut down
2017-09-22 09:39:51.280: 
[cssd(4819)]CRS-1601:CSSD Reconfiguration complete. Active nodes are regracdb1 .
2017-09-22 09:39:51.281: 
[crsd(5331)]CRS-5504:Node down event reported for node 'regracdb2'.
2017-09-22 09:39:51.377: 
[crsd(5331)]CRS-2773:Server 'regracdb2' has been removed from pool 'Generic'.
2017-09-22 09:39:51.377: 
[crsd(5331)]CRS-2773:Server 'regracdb2' has been removed from pool 'ora.sgeregdb'.
2017-09-22 09:39:51.377: 
[crsd(5331)]CRS-2773:Server 'regracdb2' has been removed from pool 'ora.sgeregdb_sgereg'.
2017-09-22 09:45:15.315: 
[cssd(4819)]CRS-1601:CSSD Reconfiguration complete. Active nodes are regracdb1 regracdb2 .
2017-09-22 09:45:48.440: 
[crsd(5331)]CRS-2772:Server 'regracdb2' has been assigned to pool 'Generic'.
2017-09-22 09:45:48.441: 
[crsd(5331)]CRS-2772:Server 'regracdb2' has been assigned to pool 'ora.sgeregdb'.
2017-09-22 09:45:48.441: 
[crsd(5331)]CRS-2772:Server 'regracdb2' has been assigned to pool 'ora.sgeregdb_sgereg'.
2017-09-22 14:35:29.332: 
[crsd(5331)]CRS-2765:Resource 'ora.net1.network' has failed on server 'regracdb2'.
2017-09-22 14:35:29.333: 
[crsd(5331)]CRS-2769:Unable to failover resource 'ora.net1.network'.
2017-09-22 14:35:33.411: 
[crsd(5331)]CRS-2769:Unable to failover resource 'ora.net1.network'.
2017-09-22 14:35:53.745: 
[cssd(4819)]CRS-1625:Node regracdb2, number 2, was shut down
2017-09-22 14:35:53.749: 
[cssd(4819)]CRS-1601:CSSD Reconfiguration complete. Active nodes are regracdb1 .
2017-09-22 14:35:53.750: 
[crsd(5331)]CRS-5504:Node down event reported for node 'regracdb2'.
2017-09-22 14:35:53.750: 
[crsd(5331)]CRS-2773:Server 'regracdb2' has been removed from pool 'Generic'.
2017-09-22 14:35:53.750: 
[crsd(5331)]CRS-2773:Server 'regracdb2' has been removed from pool 'ora.sgeregdb'.
2017-09-22 14:35:53.750: 
[crsd(5331)]CRS-2773:Server 'regracdb2' has been removed from pool 'ora.sgeregdb_sgereg'.
2017-09-22 14:41:02.877: 
[cssd(4819)]CRS-1601:CSSD Reconfiguration complete. Active nodes are regracdb1 regracdb2 .
2017-09-22 14:41:35.592: 
[crsd(5331)]CRS-2772:Server 'regracdb2' has been assigned to pool 'Generic'.
2017-09-22 14:41:35.592: 
[crsd(5331)]CRS-2772:Server 'regracdb2' has been assigned to pool 'ora.sgeregdb'.
2017-09-22 14:41:35.592: 
[crsd(5331)]CRS-2772:Server 'regracdb2' has been assigned to pool 'ora.sgeregdb_sgereg'.
2017-09-22 14:48:29.743: 
[crsd(5331)]CRS-2765:Resource 'ora.net1.network' has failed on server 'regracdb2'.
2017-09-22 14:48:29.744: 
[crsd(5331)]CRS-2769:Unable to failover resource 'ora.net1.network'.
2017-09-22 14:48:32.883: 
[crsd(5331)]CRS-2769:Unable to failover resource 'ora.net1.network'.
2017-09-22 14:48:54.502: 
[cssd(4819)]CRS-1625:Node regracdb2, number 2, was shut down
2017-09-22 14:48:54.506: 
[cssd(4819)]CRS-1601:CSSD Reconfiguration complete. Active nodes are regracdb1 .
2017-09-22 14:48:54.507: 
[crsd(5331)]CRS-5504:Node down event reported for node 'regracdb2'.
2017-09-22 14:48:54.508: 
[crsd(5331)]CRS-2773:Server 'regracdb2' has been removed from pool 'Generic'.
2017-09-22 14:48:54.508: 
[crsd(5331)]CRS-2773:Server 'regracdb2' has been removed from pool 'ora.sgeregdb'.
2017-09-22 14:48:54.508: 
[crsd(5331)]CRS-2773:Server 'regracdb2' has been removed from pool 'ora.sgeregdb_sgereg'.
2017-09-22 14:54:00.586: 
[cssd(4819)]CRS-1601:CSSD Reconfiguration complete. Active nodes are regracdb1 regracdb2 .
2017-09-22 14:54:34.084: 
[crsd(5331)]CRS-2772:Server 'regracdb2' has been assigned to pool 'Generic'.
2017-09-22 14:54:34.084: 
[crsd(5331)]CRS-2772:Server 'regracdb2' has been assigned to pool 'ora.sgeregdb'.
2017-09-22 14:54:34.085: 
[crsd(5331)]CRS-2772:Server 'regracdb2' has been assigned to pool 'ora.sgeregdb_sgereg'.
2017-09-22 14:57:09.307: 
[crsd(5331)]CRS-2765:Resource 'ora.net1.network' has failed on server 'regracdb2'.
2017-09-22 14:57:09.307: 
[crsd(5331)]CRS-2769:Unable to failover resource 'ora.net1.network'.
2017-09-22 14:57:13.873: 
[crsd(5331)]CRS-2769:Unable to failover resource 'ora.net1.network'.
2017-09-22 14:57:34.020: 
[cssd(4819)]CRS-1625:Node regracdb2, number 2, was shut down
2017-09-22 14:57:34.023: 
[cssd(4819)]CRS-1601:CSSD Reconfiguration complete. Active nodes are regracdb1 .
2017-09-22 14:57:34.025: 
[crsd(5331)]CRS-5504:Node down event reported for node 'regracdb2'.
2017-09-22 14:57:34.025: 
[crsd(5331)]CRS-2773:Server 'regracdb2' has been removed from pool 'Generic'.
2017-09-22 14:57:34.025: 
[crsd(5331)]CRS-2773:Server 'regracdb2' has been removed from pool 'ora.sgeregdb'.
2017-09-22 14:57:34.025: 
[crsd(5331)]CRS-2773:Server 'regracdb2' has been removed from pool 'ora.sgeregdb_sgereg'.
2017-09-22 15:02:35.124: 
[cssd(4819)]CRS-1601:CSSD Reconfiguration complete. Active nodes are regracdb1 regracdb2 .
2017-09-22 15:03:08.127: 
[crsd(5331)]CRS-2772:Server 'regracdb2' has been assigned to pool 'Generic'.
2017-09-22 15:03:08.127: 
[crsd(5331)]CRS-2772:Server 'regracdb2' has been assigned to pool 'ora.sgeregdb'.
2017-09-22 15:03:08.128: 
[crsd(5331)]CRS-2772:Server 'regracdb2' has been assigned to pool 'ora.sgeregdb_sgereg'.
2017-09-22 15:37:00.957: 
[crsd(5331)]CRS-2765:Resource 'ora.net1.network' has failed on server 'regracdb2'.
2017-09-22 15:37:00.957: 
[crsd(5331)]CRS-2769:Unable to failover resource 'ora.net1.network'.
2017-09-22 15:37:05.327: 
[crsd(5331)]CRS-2769:Unable to failover resource 'ora.net1.network'.
2017-09-22 15:37:25.882: 
[cssd(4819)]CRS-1625:Node regracdb2, number 2, was shut down
2017-09-22 15:37:25.886: 
[cssd(4819)]CRS-1601:CSSD Reconfiguration complete. Active nodes are regracdb1 .
2017-09-22 15:37:25.886: 
[crsd(5331)]CRS-5504:Node down event reported for node 'regracdb2'.
2017-09-22 15:37:25.887: 
[crsd(5331)]CRS-2773:Server 'regracdb2' has been removed from pool 'Generic'.
2017-09-22 15:37:25.887: 
[crsd(5331)]CRS-2773:Server 'regracdb2' has been removed from pool 'ora.sgeregdb'.
2017-09-22 15:37:25.887: 
[crsd(5331)]CRS-2773:Server 'regracdb2' has been removed from pool 'ora.sgeregdb_sgereg'.
2017-09-22 15:42:30.099: 
[cssd(4819)]CRS-1601:CSSD Reconfiguration complete. Active nodes are regracdb1 regracdb2 .
2017-09-22 15:43:02.995: 
[crsd(5331)]CRS-2772:Server 'regracdb2' has been assigned to pool 'Generic'.
2017-09-22 15:43:02.995: 
[crsd(5331)]CRS-2772:Server 'regracdb2' has been assigned to pool 'ora.sgeregdb'.
2017-09-22 15:43:02.995: 
[crsd(5331)]CRS-2772:Server 'regracdb2' has been assigned to pool 'ora.sgeregdb_sgereg'.
2017-09-22 16:30:39.525: 
[crsd(5331)]CRS-2765:Resource 'ora.net1.network' has failed on server 'regracdb2'.
2017-09-22 16:30:39.526: 
[crsd(5331)]CRS-2769:Unable to failover resource 'ora.net1.network'.
2017-09-22 16:30:43.482: 
[crsd(5331)]CRS-2769:Unable to failover resource 'ora.net1.network'.
2017-09-22 16:31:04.762: 
[cssd(4819)]CRS-1625:Node regracdb2, number 2, was shut down
2017-09-22 16:31:04.766: 
[cssd(4819)]CRS-1601:CSSD Reconfiguration complete. Active nodes are regracdb1 .
2017-09-22 16:31:04.767: 
[crsd(5331)]CRS-5504:Node down event reported for node 'regracdb2'.
2017-09-22 16:31:04.767: 
[crsd(5331)]CRS-2773:Server 'regracdb2' has been removed from pool 'Generic'.
2017-09-22 16:31:04.767: 
[crsd(5331)]CRS-2773:Server 'regracdb2' has been removed from pool 'ora.sgeregdb'.
2017-09-22 16:31:04.767: 
[crsd(5331)]CRS-2773:Server 'regracdb2' has been removed from pool 'ora.sgeregdb_sgereg'.
2017-09-22 16:36:03.510: 
[cssd(4819)]CRS-1601:CSSD Reconfiguration complete. Active nodes are regracdb1 regracdb2 .
2017-09-22 16:36:36.734: 
[crsd(5331)]CRS-2772:Server 'regracdb2' has been assigned to pool 'Generic'.
2017-09-22 16:36:36.734: 
[crsd(5331)]CRS-2772:Server 'regracdb2' has been assigned to pool 'ora.sgeregdb'.
2017-09-22 16:36:36.734: 
[crsd(5331)]CRS-2772:Server 'regracdb2' has been assigned to pool 'ora.sgeregdb_sgereg'.
2017-09-22 16:37:50.700: 
[crsd(5331)]CRS-2765:Resource 'ora.net1.network' has failed on server 'regracdb2'.
2017-09-22 16:37:50.940: 
[crsd(5331)]CRS-2878:Failed to restart resource 'ora.net1.network'
2017-09-22 16:37:50.940: 
[crsd(5331)]CRS-2769:Unable to failover resource 'ora.net1.network'.
2017-09-22 16:37:51.827: 
[crsd(5331)]CRS-2765:Resource 'ora.regracdb2.vip' has failed on server 'regracdb2'.
2017-09-22 16:38:01.017: 
[crsd(5331)]CRS-2769:Unable to failover resource 'ora.net1.network'.
2017-09-22 16:38:13.867: 
[cssd(4819)]CRS-1625:Node regracdb2, number 2, was shut down
2017-09-22 16:38:13.871: 
[cssd(4819)]CRS-1601:CSSD Reconfiguration complete. Active nodes are regracdb1 .
2017-09-22 16:38:13.872: 
[crsd(5331)]CRS-5504:Node down event reported for node 'regracdb2'.
2017-09-22 16:38:13.872: 
[crsd(5331)]CRS-2773:Server 'regracdb2' has been removed from pool 'Generic'.
2017-09-22 16:38:13.872: 
[crsd(5331)]CRS-2773:Server 'regracdb2' has been removed from pool 'ora.sgeregdb'.
2017-09-22 16:38:13.872: 
[crsd(5331)]CRS-2773:Server 'regracdb2' has been removed from pool 'ora.sgeregdb_sgereg'.
2017-09-22 16:43:21.625: 
[cssd(4819)]CRS-1601:CSSD Reconfiguration complete. Active nodes are regracdb1 regracdb2 .
2017-09-22 16:43:52.839: 
[crsd(5331)]CRS-2772:Server 'regracdb2' has been assigned to pool 'Generic'.
2017-09-22 16:43:52.839: 
[crsd(5331)]CRS-2772:Server 'regracdb2' has been assigned to pool 'ora.sgeregdb'.
2017-09-22 16:43:52.839: 
[crsd(5331)]CRS-2772:Server 'regracdb2' has been assigned to pool 'ora.sgeregdb_sgereg'.
2017-09-22 16:46:07.731: 
[crsd(5331)]CRS-2765:Resource 'ora.net1.network' has failed on server 'regracdb2'.
2017-09-22 16:46:07.956: 
[crsd(5331)]CRS-2878:Failed to restart resource 'ora.net1.network'
2017-09-22 16:46:07.956: 
[crsd(5331)]CRS-2769:Unable to failover resource 'ora.net1.network'.
2017-09-22 16:46:08.887: 
[crsd(5331)]CRS-2765:Resource 'ora.regracdb2.vip' has failed on server 'regracdb2'.
2017-09-22 16:46:17.877: 
[crsd(5331)]CRS-2769:Unable to failover resource 'ora.net1.network'.
2017-09-22 16:46:31.821: 
[cssd(4819)]CRS-1625:Node regracdb2, number 2, was shut down
2017-09-22 16:46:31.824: 
[cssd(4819)]CRS-1601:CSSD Reconfiguration complete. Active nodes are regracdb1 .
2017-09-22 16:46:31.825: 
[crsd(5331)]CRS-5504:Node down event reported for node 'regracdb2'.
2017-09-22 16:46:31.825: 
[crsd(5331)]CRS-2773:Server 'regracdb2' has been removed from pool 'Generic'.
2017-09-22 16:46:31.825: 
[crsd(5331)]CRS-2773:Server 'regracdb2' has been removed from pool 'ora.sgeregdb'.
2017-09-22 16:46:31.825: 
[crsd(5331)]CRS-2773:Server 'regracdb2' has been removed from pool 'ora.sgeregdb_sgereg'.
2017-09-22 16:51:55.522: 
[cssd(4819)]CRS-1601:CSSD Reconfiguration complete. Active nodes are regracdb1 regracdb2 .
2017-09-22 16:52:28.391: 
[crsd(5331)]CRS-2772:Server 'regracdb2' has been assigned to pool 'Generic'.
2017-09-22 16:52:28.391: 
[crsd(5331)]CRS-2772:Server 'regracdb2' has been assigned to pool 'ora.sgeregdb'.
2017-09-22 16:52:28.391: 
[crsd(5331)]CRS-2772:Server 'regracdb2' has been assigned to pool 'ora.sgeregdb_sgereg'.
2017-09-22 17:09:33.312: 
[crsd(5331)]CRS-2765:Resource 'ora.net1.network' has failed on server 'regracdb2'.
2017-09-22 17:09:33.313: 
[crsd(5331)]CRS-2769:Unable to failover resource 'ora.net1.network'.
2017-09-22 17:09:34.494: 
[crsd(5331)]CRS-2765:Resource 'ora.regracdb2.vip' has failed on server 'regracdb2'.
2017-09-22 17:09:43.868: 
[crsd(5331)]CRS-2769:Unable to failover resource 'ora.net1.network'.
2017-09-22 17:09:57.418: 
[cssd(4819)]CRS-1625:Node regracdb2, number 2, was shut down
2017-09-22 17:09:57.421: 
[cssd(4819)]CRS-1601:CSSD Reconfiguration complete. Active nodes are regracdb1 .
2017-09-22 17:09:57.422: 
[crsd(5331)]CRS-5504:Node down event reported for node 'regracdb2'.
2017-09-22 17:09:57.422: 
[crsd(5331)]CRS-2773:Server 'regracdb2' has been removed from pool 'Generic'.
2017-09-22 17:09:57.423: 
[crsd(5331)]CRS-2773:Server 'regracdb2' has been removed from pool 'ora.sgeregdb'.
2017-09-22 17:09:57.423: 
[crsd(5331)]CRS-2773:Server 'regracdb2' has been removed from pool 'ora.sgeregdb_sgereg'.
2017-09-22 17:15:04.470: 
[cssd(4819)]CRS-1601:CSSD Reconfiguration complete. Active nodes are regracdb1 regracdb2 .
2017-09-22 17:15:37.528: 
[crsd(5331)]CRS-2772:Server 'regracdb2' has been assigned to pool 'Generic'.
2017-09-22 17:15:37.528: 
[crsd(5331)]CRS-2772:Server 'regracdb2' has been assigned to pool 'ora.sgeregdb'.
2017-09-22 17:15:37.528: 
[crsd(5331)]CRS-2772:Server 'regracdb2' has been assigned to pool 'ora.sgeregdb_sgereg'.
2017-09-22 17:17:14.467: 
[crsd(5331)]CRS-2765:Resource 'ora.net1.network' has failed on server 'regracdb2'.
2017-09-22 17:17:14.467: 
[crsd(5331)]CRS-2769:Unable to failover resource 'ora.net1.network'.
2017-09-22 17:17:18.653: 
[crsd(5331)]CRS-2769:Unable to failover resource 'ora.net1.network'.
2017-09-22 17:17:40.521: 
[cssd(4819)]CRS-1625:Node regracdb2, number 2, was shut down
2017-09-22 17:17:40.526: 
[cssd(4819)]CRS-1601:CSSD Reconfiguration complete. Active nodes are regracdb1 .
2017-09-22 17:17:40.527: 
[crsd(5331)]CRS-5504:Node down event reported for node 'regracdb2'.
2017-09-22 17:17:40.527: 
[crsd(5331)]CRS-2773:Server 'regracdb2' has been removed from pool 'Generic'.
2017-09-22 17:17:40.527: 
[crsd(5331)]CRS-2773:Server 'regracdb2' has been removed from pool 'ora.sgeregdb'.
2017-09-22 17:17:40.527: 
[crsd(5331)]CRS-2773:Server 'regracdb2' has been removed from pool 'ora.sgeregdb_sgereg'.
2017-09-22 17:22:37.152: 
[cssd(4819)]CRS-1601:CSSD Reconfiguration complete. Active nodes are regracdb1 regracdb2 .
2017-09-22 17:23:09.980: 
[crsd(5331)]CRS-2772:Server 'regracdb2' has been assigned to pool 'Generic'.
2017-09-22 17:23:09.980: 
[crsd(5331)]CRS-2772:Server 'regracdb2' has been assigned to pool 'ora.sgeregdb'.
2017-09-22 17:23:09.980: 
[crsd(5331)]CRS-2772:Server 'regracdb2' has been assigned to pool 'ora.sgeregdb_sgereg'.
